[6352:2752:0127/124118.156:INFO:CONSOLE(0)] "Slow network is detected. See https://www.chromestatus.com/feature/5636954674692096 for more details. Fallback font will be used while loading: chrome://resources/roboto/roboto-regular.woff2", source: chrome://new-tab-page/ (0)
[6352:2752:0127/124119.052:INFO:CONSOLE(0)] "Error with Permissions-Policy header: Unrecognized feature: 'interest-cohort'.", source:  (0)
[6352:2752:0127/124120.254:INFO:CONSOLE(0)] "Error with Permissions-Policy header: Unrecognized feature: 'interest-cohort'.", source:  (0)
[6352:2752:0127/124121.530:INFO:CONSOLE(0)] "Error with Permissions-Policy header: Unrecognized feature: 'interest-cohort'.", source:  (0)
[6352:2752:0127/124121.853:INFO:CONSOLE(0)] "Error with Permissions-Policy header: Unrecognized feature: 'interest-cohort'.", source:  (0)
[6352:6336:0127/124125.225:ERROR:chrome_browser_main_extra_parts_metrics.cc(227)] START: ReportBluetoothAvailability(). If you don't see the END: message, this is crbug.com/1216328.
[6352:6336:0127/124125.226:ERROR:chrome_browser_main_extra_parts_metrics.cc(230)] END: ReportBluetoothAvailability()
[6352:6336:0127/124125.226:ERROR:chrome_browser_main_extra_parts_metrics.cc(235)] START: GetDefaultBrowser(). If you don't see the END: message, this is crbug.com/1216328.
[6352:6336:0127/124125.231:ERROR:chrome_browser_main_extra_parts_metrics.cc(239)] END: GetDefaultBrowser()
[6352:2752:0127/124125.231:ERROR:device_event_log_impl.cc(214)] [12:41:25.231] Bluetooth: bluetooth_adapter_winrt.cc:1075 Getting Default Adapter failed.
[6352:2752:0127/124134.997:INFO:CONSOLE(0)] "Error with Permissions-Policy header: Unrecognized feature: 'interest-cohort'.", source:  (0)
[6352:2752:0127/124135.474:INFO:CONSOLE(0)] "Error with Permissions-Policy header: Unrecognized feature: 'interest-cohort'.", source:  (0)
[6352:2752:0127/124136.725:INFO:CONSOLE(0)] "Error with Permissions-Policy header: Unrecognized feature: 'interest-cohort'.", source:  (0)
[6352:2752:0127/124137.040:INFO:CONSOLE(0)] "Error with Permissions-Policy header: Unrecognized feature: 'interest-cohort'.", source:  (0)
[6352:2752:0127/124137.496:INFO:CONSOLE(0)] "Error with Permissions-Policy header: Unrecognized feature: 'interest-cohort'.", source:  (0)
[6352:2752:0127/124137.811:INFO:CONSOLE(0)] "Error with Permissions-Policy header: Unrecognized feature: 'interest-cohort'.", source:  (0)
[6352:2752:0127/124151.424:INFO:CONSOLE(0)] "Error with Permissions-Policy header: Unrecognized feature: 'interest-cohort'.", source:  (0)
[6352:2752:0127/124152.705:INFO:CONSOLE(0)] "Error with Permissions-Policy header: Unrecognized feature: 'interest-cohort'.", source:  (0)
[6352:2752:0127/124153.018:INFO:CONSOLE(0)] "Error with Permissions-Policy header: Unrecognized feature: 'interest-cohort'.", source:  (0)
[6352:2752:0127/124156.959:INFO:CONSOLE(6)] "Moving to buffered region 7.936 0.750815", source: https://player.live-video.net/1.4.1/amazon-ivs-videojs-tech.min.js (6)
[6352:2752:0127/124233.168:WARNING:pref_notifier_impl.cc(40)] Pref observer for media_router.cast_allow_all_ips found at shutdown.
